<?xml version="1.0" encoding="UTF-8"?>
<testsuite xmlns:xsi="http://www.w3.org/2001/XMLSchema-instance" xsi:noNamespaceSchemaLocation="https://maven.apache.org/surefire/maven-surefire-plugin/xsd/surefire-test-report.xsd" version="3.0.2" name="com.sweetshop.api.controller.AuthControllerTest" time="3.613" tests="2" errors="0" skipped="0" failures="0">
  <properties>
[...]
</properties>
  <testcase name="shouldRegisterUser" classname="com.sweetshop.api.controller.AuthControllerTest" time="0.24">
    <system-out><![CDATA[20:38:37.629 [main] INFO org.springframework.test.context.support.AnnotationConfigContextLoaderUtils -- Could not detect default configuration classes for test class [com.sweetshop.api.controller.AuthControllerTest]: AuthControllerTest does not declare any static, non-private, non-final, nested classes annotated with @Configuration.
20:38:37.828 [main] INFO org.springframework.boot.test.context.SpringBootTestContextBootstrapper -- Found @SpringBootConfiguration com.sweetshop.api.SweetShopApiApplication for test class com.sweetshop.api.controller.AuthControllerTest

  .   ____          _            __ _ _
 /\\ / ___'_ __ _ _(_)_ __  __ _ \ \ \ \
( ( )\___ | '_ | '_| | '_ \/ _` | \ \ \ \
 \\/  ___)| |_)| | | | | || (_| |  ) ) ) )
  '  |____| .__|_| |_|_| |_\__, | / / / /
 =========|_|==============|___/=/_/_/_/

 :: Spring Boot ::                (v3.4.0)

2025-12-13T20:38:38.377+05:30  INFO 18600 --- [sweet-shop-api] [           main] c.s.api.controller.AuthControllerTest    : Starting AuthControllerTest using Java 24.0.2 with PID 18600 (started by SAILISH THAKUR in C:\Users\SAILISH THAKUR\Desktop\codes\ASSESSMENT\sweet-shop-api)
2025-12-13T20:38:38.378+05:30 DEBUG 18600 --- [sweet-shop-api] [           main] c.s.api.controller.AuthControllerTest    : Running with Spring Boot v3.4.0, Spring v6.2.0
2025-12-13T20:38:38.379+05:30  INFO 18600 --- [sweet-shop-api] [           main] c.s.api.controller.AuthControllerTest    : No active profile set, falling back to 1 default profile: "default"
2025-12-13T20:38:40.442+05:30  WARN 18600 --- [sweet-shop-api] [           main] .s.s.UserDetailsServiceAutoConfiguration : 

Using generated security password: b3bbc44b-9cfc-4ebf-89d1-43dc48e03e21

This generated password is for development use only. Your security configuration must be updated before running your application in production.

2025-12-13T20:38:40.475+05:30  INFO 18600 --- [sweet-shop-api] [           main] r$InitializeUserDetailsManagerConfigurer : Global AuthenticationManager configured with UserDetailsService bean with name inMemoryUserDetailsManager
2025-12-13T20:38:40.687+05:30  INFO 18600 --- [sweet-shop-api] [           main] o.s.b.t.m.w.SpringBootMockServletContext : Initializing Spring TestDispatcherServlet ''
2025-12-13T20:38:40.687+05:30  INFO 18600 --- [sweet-shop-api] [           main] o.s.t.web.servlet.TestDispatcherServlet  : Initializing Servlet ''
2025-12-13T20:38:40.689+05:30  INFO 18600 --- [sweet-shop-api] [           main] o.s.t.web.servlet.TestDispatcherServlet  : Completed initialization in 2 ms
2025-12-13T20:38:40.717+05:30  INFO 18600 --- [sweet-shop-api] [           main] c.s.api.controller.AuthControllerTest    : Started AuthControllerTest in 2.806 seconds (process running for 3.971)

MockHttpServletRequest:
      HTTP Method = POST
      Request URI = /api/auth/register
       Parameters = {}
          Headers = [Content-Type:"application/json", Content-Length:"48"]
             Body = <no character encoding set>
    Session Attrs = {}

Handler:
             Type = com.sweetshop.api.controller.AuthController
           Method = com.sweetshop.api.controller.AuthController#register(RegisterRequest)

Async:
    Async started = false
     Async result = null

Resolved Exception:
             Type = null

ModelAndView:
        View name = null
             View = null
            Model = null

FlashMap:
       Attributes = null

MockHttpServletResponse:
           Status = 201
    Error message = null
          Headers = []
     Content type = null
             Body = 
    Forwarded URL = null
   Redirected URL = null
          Cookies = []
]]></system-out>
    <system-err><![CDATA[Mockito is currently self-attaching to enable the inline-mock-maker. This will no longer work in future releases of the JDK. Please add Mockito as an agent to your build what is described in Mockito's documentation: https://javadoc.io/doc/org.mockito/mockito-core/latest/org/mockito/Mockito.html#0.3
WARNING: A Java agent has been loaded dynamically (C:\Users\SAILISH THAKUR\.m2\repository\net\bytebuddy\byte-buddy-agent\1.15.10\byte-buddy-agent-1.15.10.jar)
WARNING: If a serviceability tool is in use, please run with -XX:+EnableDynamicAgentLoading to hide this warning
WARNING: If a serviceability tool is not in use, please run with -Djdk.instrument.traceUsage for more information
WARNING: Dynamic loading of agents will be disallowed by default in a future release
]]></system-err>
  </testcase>
  <testcase name="shouldLoginUser" classname="com.sweetshop.api.controller.AuthControllerTest" time="0.073"/>
</testsuite>