[INFO] Scanning for projects...
[INFO] 
[INFO] --------------------< com.sweetshop:sweet-shop-api >--------------------
[INFO] Building sweet-shop-api 0.0.1-SNAPSHOT
[INFO]   from pom.xml
[INFO] --------------------------------[ jar ]---------------------------------
[INFO] 
[INFO] --- resources:3.3.1:resources (default-resources) @ sweet-shop-api ---
[INFO] Copying 1 resource from src\main\resources to target\classes
[INFO] Copying 0 resource from src\main\resources to target\classes
[INFO] 
[INFO] --- compiler:3.13.0:compile (default-compile) @ sweet-shop-api ---
[INFO] Nothing to compile - all classes are up to date.
[INFO] 
[INFO] --- resources:3.3.1:testResources (default-testResources) @ sweet-shop-api ---
[INFO] skip non existing resourceDirectory C:\Users\SAILISH THAKUR\Desktop\codes\ASSESSMENT\sweet-shop-api\src\test\resources
[INFO] 
[INFO] --- compiler:3.13.0:testCompile (default-testCompile) @ sweet-shop-api ---
[INFO] Nothing to compile - all classes are up to date.
[INFO] 
[INFO] --- surefire:3.5.2:test (default-test) @ sweet-shop-api ---
[INFO] Using auto detected provider org.apache.maven.surefire.junitplatform.JUnitPlatformProvider
[INFO] 
[INFO] -------------------------------------------------------
[INFO]  T E S T S
[INFO] -------------------------------------------------------
[INFO] Running com.sweetshop.api.controller.AuthControllerTest
20:28:17.948 [main] INFO org.springframework.test.context.support.AnnotationConfigContextLoaderUtils -- Could not detect default configuration classes for test class [com.sweetshop.api.controller.AuthControllerTest]: AuthControllerTest does not declare any static, non-private, non-final, nested classes annotated with @Configuration.
20:28:18.163 [main] INFO org.springframework.boot.test.context.SpringBootTestContextBootstrapper -- Found @SpringBootConfiguration com.sweetshop.api.SweetShopApiApplication for test class com.sweetshop.api.controller.AuthControllerTest

  .   ____          _            __ _ _
 /\\ / ___'_ __ _ _(_)_ __  __ _ \ \ \ \
( ( )\___ | '_ | '_| | '_ \/ _` | \ \ \ \
 \\/  ___)| |_)| | | | | || (_| |  ) ) ) )
  '  |____| .__|_| |_|_| |_\__, | / / / /
 =========|_|==============|___/=/_/_/_/

 :: Spring Boot ::                (v3.4.0)

2025-12-13T20:28:18.736+05:30  INFO 8640 --- [sweet-shop-api] [           main] c.s.api.controller.AuthControllerTest    : Starting AuthControllerTest using Java 24.0.2 with PID 8640 (started by SAILISH THAKUR in C:\Users\SAILISH THAKUR\Desktop\codes\ASSESSMENT\sweet-shop-api)
2025-12-13T20:28:18.737+05:30 DEBUG 8640 --- [sweet-shop-api] [           main] c.s.api.controller.AuthControllerTest    : Running with Spring Boot v3.4.0, Spring v6.2.0
2025-12-13T20:28:18.738+05:30  INFO 8640 --- [sweet-shop-api] [           main] c.s.api.controller.AuthControllerTest    : No active profile set, falling back to 1 default profile: "default"
2025-12-13T20:28:21.011+05:30  WARN 8640 --- [sweet-shop-api] [           main] .s.s.UserDetailsServiceAutoConfiguration : 

Using generated security password: 774de88d-8f6f-4342-bae1-7cd1cc1f2815

This generated password is for development use only. Your security configuration must be updated before running your application in production.

2025-12-13T20:28:21.043+05:30  INFO 8640 --- [sweet-shop-api] [           main] r$InitializeUserDetailsManagerConfigurer : Global AuthenticationManager configured with UserDetailsService bean with name inMemoryUserDetailsManager
2025-12-13T20:28:21.238+05:30  INFO 8640 --- [sweet-shop-api] [           main] o.s.b.t.m.w.SpringBootMockServletContext : Initializing Spring TestDispatcherServlet ''
2025-12-13T20:28:21.238+05:30  INFO 8640 --- [sweet-shop-api] [           main] o.s.t.web.servlet.TestDispatcherServlet  : Initializing Servlet ''
2025-12-13T20:28:21.239+05:30  INFO 8640 --- [sweet-shop-api] [           main] o.s.t.web.servlet.TestDispatcherServlet  : Completed initialization in 1 ms
2025-12-13T20:28:21.271+05:30  INFO 8640 --- [sweet-shop-api] [           main] c.s.api.controller.AuthControllerTest    : Started AuthControllerTest in 3.009 seconds (process running for 4.073)
[ERROR] Tests run: 1, Failures: 0, Errors: 1, Skipped: 0, Time elapsed: 3.565 s <<< FAILURE! -- in com.sweetshop.api.controller.AuthControllerTest
[ERROR] com.sweetshop.api.controller.AuthControllerTest.shouldRegisterUser -- Time elapsed: 0.037 s <<< ERROR!
java.lang.Error: 
Unresolved compilation problems: 
	The method setUsername(String) is undefined for the type RegisterRequest
	The method setPassword(String) is undefined for the type RegisterRequest

	at com.sweetshop.api.controller.AuthControllerTest.shouldRegisterUser(AuthControllerTest.java:33)
	at java.base/java.lang.reflect.Method.invoke(Method.java:565)
	at java.base/java.util.ArrayList.forEach(ArrayList.java:1604)
	at java.base/java.util.ArrayList.forEach(ArrayList.java:1604)

[INFO] 
[INFO] Results:
[INFO] 
[ERROR] Errors: 
[ERROR]   AuthControllerTest.shouldRegisterUser:33  Unresolved compilation problems: 
	The method setUsername(String) is undefined for the type RegisterRequest
	The method setPassword(String) is undefined for the type RegisterRequest

[INFO] 
[ERROR] Tests run: 1, Failures: 0, Errors: 1, Skipped: 0
[INFO] 
[INFO] ------------------------------------------------------------------------
[INFO] BUILD FAILURE
[INFO] ------------------------------------------------------------------------
[INFO] Total time:  5.742 s
[INFO] Finished at: 2025-12-13T20:28:21+05:30
[INFO] ------------------------------------------------------------------------
[ERROR] Failed to execute goal org.apache.maven.plugins:maven-surefire-plugin:3.5.2:test (default-test) on project sweet-shop-api: 
[ERROR] 
[ERROR] See C:\Users\SAILISH THAKUR\Desktop\codes\ASSESSMENT\sweet-shop-api\target\surefire-reports for the individual test results.
[ERROR] See dump files (if any exist) [date].dump, [date]-jvmRun[N].dump and [date].dumpstream.
[ERROR] -> [Help 1]
[ERROR] 
[ERROR] To see the full stack trace of the errors, re-run Maven with the -e switch.
[ERROR] Re-run Maven using the -X switch to enable full debug logging.
[ERROR] 
[ERROR] For more information about the errors and possible solutions, please read the following articles:
[ERROR] [Help 1] http://cwiki.apache.org/confluence/display/MAVEN/MojoFailureException
